************* Module customer
customer.py:6:0: W0311: Bad indentation. Found 1 spaces, expected 4 (bad-indentation)
customer.py:7:0: W0311: Bad indentation. Found 4 spaces, expected 8 (bad-indentation)
customer.py:8:0: W0311: Bad indentation. Found 4 spaces, expected 8 (bad-indentation)
customer.py:9:0: W0311: Bad indentation. Found 4 spaces, expected 8 (bad-indentation)
customer.py:10:0: W0311: Bad indentation. Found 4 spaces, expected 8 (bad-indentation)
customer.py:12:0: W0311: Bad indentation. Found 1 spaces, expected 4 (bad-indentation)
customer.py:13:0: W0311: Bad indentation. Found 4 spaces, expected 8 (bad-indentation)
customer.py:14:0: W0311: Bad indentation. Found 4 spaces, expected 8 (bad-indentation)
customer.py:15:0: W0311: Bad indentation. Found 4 spaces, expected 8 (bad-indentation)
customer.py:17:0: W0311: Bad indentation. Found 1 spaces, expected 4 (bad-indentation)
customer.py:18:0: W0311: Bad indentation. Found 4 spaces, expected 8 (bad-indentation)
customer.py:19:0: W0311: Bad indentation. Found 4 spaces, expected 8 (bad-indentation)
customer.py:20:0: W0311: Bad indentation. Found 4 spaces, expected 8 (bad-indentation)
customer.py:22:0: W0311: Bad indentation. Found 1 spaces, expected 4 (bad-indentation)
customer.py:23:0: W0311: Bad indentation. Found 4 spaces, expected 8 (bad-indentation)
customer.py:24:0: W0311: Bad indentation. Found 4 spaces, expected 8 (bad-indentation)
customer.py:25:0: W0311: Bad indentation. Found 5 spaces, expected 12 (bad-indentation)
customer.py:26:0: W0311: Bad indentation. Found 8 spaces, expected 16 (bad-indentation)
customer.py:27:0: W0311: Bad indentation. Found 4 spaces, expected 8 (bad-indentation)
customer.py:1:0: C0114: Missing module docstring (missing-module-docstring)
customer.py:5:0: C0115: Missing class docstring (missing-class-docstring)
customer.py:12:1: C0116: Missing function or method docstring (missing-function-docstring)
customer.py:12:1: E0213: Method 'create_customer' should have "self" as first argument (no-self-argument)
customer.py:17:1: C0116: Missing function or method docstring (missing-function-docstring)
customer.py:17:1: E0213: Method 'delete_customer' should have "self" as first argument (no-self-argument)
customer.py:22:1: C0116: Missing function or method docstring (missing-function-docstring)
customer.py:22:1: E0213: Method 'display_customer' should have "self" as first argument (no-self-argument)

------------------------------------------------------------------
Your code has been rated at 0.00/10 (previous run: 0.00/10, +0.00)

