************* Module reservation
reservation.py:7:0: W0311: Bad indentation. Found 1 spaces, expected 4 (bad-indentation)
reservation.py:8:0: W0311: Bad indentation. Found 4 spaces, expected 8 (bad-indentation)
reservation.py:9:0: W0311: Bad indentation. Found 4 spaces, expected 8 (bad-indentation)
reservation.py:10:0: W0311: Bad indentation. Found 4 spaces, expected 8 (bad-indentation)
reservation.py:12:0: W0311: Bad indentation. Found 1 spaces, expected 4 (bad-indentation)
reservation.py:13:0: W0311: Bad indentation. Found 4 spaces, expected 8 (bad-indentation)
reservation.py:14:0: W0311: Bad indentation. Found 4 spaces, expected 8 (bad-indentation)
reservation.py:15:0: W0311: Bad indentation. Found 4 spaces, expected 8 (bad-indentation)
reservation.py:16:0: W0311: Bad indentation. Found 4 spaces, expected 8 (bad-indentation)
reservation.py:18:0: W0311: Bad indentation. Found 1 spaces, expected 4 (bad-indentation)
reservation.py:19:0: W0311: Bad indentation. Found 4 spaces, expected 8 (bad-indentation)
reservation.py:20:0: W0311: Bad indentation. Found 4 spaces, expected 8 (bad-indentation)
reservation.py:21:0: W0311: Bad indentation. Found 5 spaces, expected 12 (bad-indentation)
reservation.py:22:0: W0311: Bad indentation. Found 8 spaces, expected 16 (bad-indentation)
reservation.py:23:0: W0311: Bad indentation. Found 8 spaces, expected 16 (bad-indentation)
reservation.py:24:0: W0311: Bad indentation. Found 4 spaces, expected 8 (bad-indentation)
reservation.py:1:0: C0114: Missing module docstring (missing-module-docstring)
reservation.py:6:0: C0115: Missing class docstring (missing-class-docstring)
reservation.py:12:1: C0116: Missing function or method docstring (missing-function-docstring)
reservation.py:12:1: E0213: Method 'create_reservation' should have "self" as first argument (no-self-argument)
reservation.py:18:1: C0116: Missing function or method docstring (missing-function-docstring)
reservation.py:18:1: E0213: Method 'cancel_reservation' should have "self" as first argument (no-self-argument)

------------------------------------------------------------------
Your code has been rated at 0.00/10 (previous run: 0.00/10, +0.00)

