************* Module hotel
hotel.py:6:0: W0311: Bad indentation. Found 1 spaces, expected 4 (bad-indentation)
hotel.py:7:0: W0311: Bad indentation. Found 4 spaces, expected 8 (bad-indentation)
hotel.py:8:0: W0311: Bad indentation. Found 4 spaces, expected 8 (bad-indentation)
hotel.py:9:0: W0311: Bad indentation. Found 4 spaces, expected 8 (bad-indentation)
hotel.py:10:0: W0311: Bad indentation. Found 4 spaces, expected 8 (bad-indentation)
hotel.py:11:0: W0311: Bad indentation. Found 4 spaces, expected 8 (bad-indentation)
hotel.py:12:0: W0311: Bad indentation. Found 4 spaces, expected 8 (bad-indentation)
hotel.py:14:0: W0311: Bad indentation. Found 1 spaces, expected 4 (bad-indentation)
hotel.py:15:0: W0311: Bad indentation. Found 4 spaces, expected 8 (bad-indentation)
hotel.py:16:0: W0311: Bad indentation. Found 4 spaces, expected 8 (bad-indentation)
hotel.py:17:0: W0311: Bad indentation. Found 4 spaces, expected 8 (bad-indentation)
hotel.py:19:0: W0311: Bad indentation. Found 1 spaces, expected 4 (bad-indentation)
hotel.py:20:0: W0311: Bad indentation. Found 4 spaces, expected 8 (bad-indentation)
hotel.py:21:0: W0311: Bad indentation. Found 4 spaces, expected 8 (bad-indentation)
hotel.py:22:0: W0311: Bad indentation. Found 4 spaces, expected 8 (bad-indentation)
hotel.py:24:0: W0311: Bad indentation. Found 1 spaces, expected 4 (bad-indentation)
hotel.py:25:0: W0311: Bad indentation. Found 4 spaces, expected 8 (bad-indentation)
hotel.py:26:0: W0311: Bad indentation. Found 4 spaces, expected 8 (bad-indentation)
hotel.py:27:0: W0311: Bad indentation. Found 5 spaces, expected 12 (bad-indentation)
hotel.py:28:0: W0311: Bad indentation. Found 8 spaces, expected 16 (bad-indentation)
hotel.py:29:0: W0311: Bad indentation. Found 4 spaces, expected 8 (bad-indentation)
hotel.py:31:0: W0311: Bad indentation. Found 1 spaces, expected 4 (bad-indentation)
hotel.py:32:0: W0311: Bad indentation. Found 4 spaces, expected 8 (bad-indentation)
hotel.py:33:0: W0311: Bad indentation. Found 4 spaces, expected 8 (bad-indentation)
hotel.py:34:0: W0311: Bad indentation. Found 5 spaces, expected 12 (bad-indentation)
hotel.py:35:0: W0311: Bad indentation. Found 8 spaces, expected 16 (bad-indentation)
hotel.py:36:0: W0311: Bad indentation. Found 12 spaces, expected 20 (bad-indentation)
hotel.py:37:0: W0311: Bad indentation. Found 8 spaces, expected 16 (bad-indentation)
hotel.py:38:0: W0311: Bad indentation. Found 12 spaces, expected 20 (bad-indentation)
hotel.py:39:0: W0311: Bad indentation. Found 4 spaces, expected 8 (bad-indentation)
hotel.py:41:0: W0311: Bad indentation. Found 1 spaces, expected 4 (bad-indentation)
hotel.py:42:0: W0311: Bad indentation. Found 4 spaces, expected 8 (bad-indentation)
hotel.py:43:0: W0311: Bad indentation. Found 4 spaces, expected 8 (bad-indentation)
hotel.py:44:0: W0311: Bad indentation. Found 5 spaces, expected 12 (bad-indentation)
hotel.py:45:0: W0311: Bad indentation. Found 8 spaces, expected 16 (bad-indentation)
hotel.py:46:0: W0311: Bad indentation. Found 4 spaces, expected 8 (bad-indentation)
hotel.py:1:0: C0114: Missing module docstring (missing-module-docstring)
hotel.py:5:0: C0115: Missing class docstring (missing-class-docstring)
hotel.py:12:4: W0612: Unused variable 'x' (unused-variable)
hotel.py:14:1: C0116: Missing function or method docstring (missing-function-docstring)
hotel.py:14:1: E0213: Method 'create_hotel' should have "self" as first argument (no-self-argument)
hotel.py:19:1: C0116: Missing function or method docstring (missing-function-docstring)
hotel.py:19:1: E0213: Method 'delete_hotel' should have "self" as first argument (no-self-argument)
hotel.py:24:1: C0116: Missing function or method docstring (missing-function-docstring)
hotel.py:24:1: E0213: Method 'display_hotel' should have "self" as first argument (no-self-argument)
hotel.py:31:1: C0116: Missing function or method docstring (missing-function-docstring)
hotel.py:31:1: E0213: Method 'reserve_room' should have "self" as first argument (no-self-argument)
hotel.py:41:1: C0116: Missing function or method docstring (missing-function-docstring)
hotel.py:41:1: E0213: Method 'cancel_reservation' should have "self" as first argument (no-self-argument)

------------------------------------------------------------------
Your code has been rated at 0.00/10 (previous run: 0.00/10, +0.00)

